<?xml version="1.0" encoding="UTF-8"?>
<testng-results skipped="0" failed="0" total="17" passed="17">
  <reporter-output>
  </reporter-output>
  <suite name="Negative Test Cases" duration-ms="11" started-at="2020-08-24T01:51:46Z" finished-at="2020-08-24T01:51:46Z">
    <groups>
    </groups>
    <test name="Negative Unit Tests" duration-ms="11" started-at="2020-08-24T01:51:46Z" finished-at="2020-08-24T01:51:46Z">
      <class name="com.tests.TestNegative">
        <test-method status="PASS" signature="setUp()[pri:0, instance:com.tests.TestNegative@6be46e8f]" name="setUp" is-config="true" duration-ms="0" started-at="2020-08-23T21:51:46Z" finished-at="2020-08-23T21:51:46Z">
          <reporter-output>
          </reporter-output>
        </test-method> <!-- setUp -->
        <test-method status="PASS" signature="testAnotherNegativeMonth()[pri:0, instance:com.tests.TestNegative@6be46e8f]" name="testAnotherNegativeMonth" duration-ms="1" started-at="2020-08-23T21:51:46Z" finished-at="2020-08-23T21:51:46Z">
          <exception class="com.exceptions.NotAValidMonthNumber">
            <full-stacktrace>
              <![CDATA[com.exceptions.NotAValidMonthNumber
	at com.examples.MonthFinderByMap.findMonth(MonthFinderByMap.java:41)
	at com.tests.TestNegative.testAnotherNegativeMonth(TestNegative.java:34)
	at sun.reflect.NativeMethodAccessorImpl.invoke0(Native Method)
	at sun.reflect.NativeMethodAccessorImpl.invoke(NativeMethodAccessorImpl.java:62)
	at sun.reflect.DelegatingMethodAccessorImpl.invoke(DelegatingMethodAccessorImpl.java:43)
	at java.lang.reflect.Method.invoke(Method.java:498)
	at org.testng.internal.MethodInvocationHelper.invokeMethod(MethodInvocationHelper.java:85)
	at org.testng.internal.Invoker.invokeMethod(Invoker.java:639)
	at org.testng.internal.Invoker.invokeTestMethod(Invoker.java:816)
	at org.testng.internal.Invoker.invokeTestMethods(Invoker.java:1124)
	at org.testng.internal.TestMethodWorker.invokeTestMethods(TestMethodWorker.java:125)
	at org.testng.internal.TestMethodWorker.run(TestMethodWorker.java:108)
	at org.testng.TestRunner.privateRun(TestRunner.java:774)
	at org.testng.TestRunner.run(TestRunner.java:624)
	at org.testng.SuiteRunner.runTest(SuiteRunner.java:359)
	at org.testng.SuiteRunner.runSequentially(SuiteRunner.java:354)
	at org.testng.SuiteRunner.privateRun(SuiteRunner.java:312)
	at org.testng.SuiteRunner.run(SuiteRunner.java:261)
	at org.testng.SuiteRunnerWorker.runSuite(SuiteRunnerWorker.java:52)
	at org.testng.SuiteRunnerWorker.run(SuiteRunnerWorker.java:86)
	at org.testng.TestNG.runSuitesSequentially(TestNG.java:1191)
	at org.testng.TestNG.runSuitesLocally(TestNG.java:1116)
	at org.testng.TestNG.run(TestNG.java:1024)
	at org.apache.maven.surefire.testng.TestNGExecutor.run(TestNGExecutor.java:284)
	at org.apache.maven.surefire.testng.TestNGXmlTestSuite.execute(TestNGXmlTestSuite.java:75)
	at org.apache.maven.surefire.testng.TestNGProvider.invoke(TestNGProvider.java:119)
	at org.apache.maven.surefire.booter.ForkedBooter.runSuitesInProcess(ForkedBooter.java:428)
	at org.apache.maven.surefire.booter.ForkedBooter.execute(ForkedBooter.java:162)
	at org.apache.maven.surefire.booter.ForkedBooter.run(ForkedBooter.java:562)
	at org.apache.maven.surefire.booter.ForkedBooter.main(ForkedBooter.java:548)
]]>
            </full-stacktrace>
          </exception> <!-- com.exceptions.NotAValidMonthNumber -->
          <reporter-output>
          </reporter-output>
        </test-method> <!-- testAnotherNegativeMonth -->
        <test-method status="PASS" signature="testEighteenMonth()[pri:0, instance:com.tests.TestNegative@6be46e8f]" name="testEighteenMonth" duration-ms="1" started-at="2020-08-23T21:51:46Z" finished-at="2020-08-23T21:51:46Z">
          <exception class="com.exceptions.NotAValidMonthNumber">
            <full-stacktrace>
              <![CDATA[com.exceptions.NotAValidMonthNumber
	at com.examples.MonthFinderByMap.findMonth(MonthFinderByMap.java:41)
	at com.tests.TestNegative.testEighteenMonth(TestNegative.java:39)
	at sun.reflect.NativeMethodAccessorImpl.invoke0(Native Method)
	at sun.reflect.NativeMethodAccessorImpl.invoke(NativeMethodAccessorImpl.java:62)
	at sun.reflect.DelegatingMethodAccessorImpl.invoke(DelegatingMethodAccessorImpl.java:43)
	at java.lang.reflect.Method.invoke(Method.java:498)
	at org.testng.internal.MethodInvocationHelper.invokeMethod(MethodInvocationHelper.java:85)
	at org.testng.internal.Invoker.invokeMethod(Invoker.java:639)
	at org.testng.internal.Invoker.invokeTestMethod(Invoker.java:816)
	at org.testng.internal.Invoker.invokeTestMethods(Invoker.java:1124)
	at org.testng.internal.TestMethodWorker.invokeTestMethods(TestMethodWorker.java:125)
	at org.testng.internal.TestMethodWorker.run(TestMethodWorker.java:108)
	at org.testng.TestRunner.privateRun(TestRunner.java:774)
	at org.testng.TestRunner.run(TestRunner.java:624)
	at org.testng.SuiteRunner.runTest(SuiteRunner.java:359)
	at org.testng.SuiteRunner.runSequentially(SuiteRunner.java:354)
	at org.testng.SuiteRunner.privateRun(SuiteRunner.java:312)
	at org.testng.SuiteRunner.run(SuiteRunner.java:261)
	at org.testng.SuiteRunnerWorker.runSuite(SuiteRunnerWorker.java:52)
	at org.testng.SuiteRunnerWorker.run(SuiteRunnerWorker.java:86)
	at org.testng.TestNG.runSuitesSequentially(TestNG.java:1191)
	at org.testng.TestNG.runSuitesLocally(TestNG.java:1116)
	at org.testng.TestNG.run(TestNG.java:1024)
	at org.apache.maven.surefire.testng.TestNGExecutor.run(TestNGExecutor.java:284)
	at org.apache.maven.surefire.testng.TestNGXmlTestSuite.execute(TestNGXmlTestSuite.java:75)
	at org.apache.maven.surefire.testng.TestNGProvider.invoke(TestNGProvider.java:119)
	at org.apache.maven.surefire.booter.ForkedBooter.runSuitesInProcess(ForkedBooter.java:428)
	at org.apache.maven.surefire.booter.ForkedBooter.execute(ForkedBooter.java:162)
	at org.apache.maven.surefire.booter.ForkedBooter.run(ForkedBooter.java:562)
	at org.apache.maven.surefire.booter.ForkedBooter.main(ForkedBooter.java:548)
]]>
            </full-stacktrace>
          </exception> <!-- com.exceptions.NotAValidMonthNumber -->
          <reporter-output>
          </reporter-output>
        </test-method> <!-- testEighteenMonth -->
        <test-method status="PASS" signature="testHundredMonth()[pri:0, instance:com.tests.TestNegative@6be46e8f]" name="testHundredMonth" duration-ms="2" started-at="2020-08-23T21:51:46Z" finished-at="2020-08-23T21:51:46Z">
          <exception class="com.exceptions.NotAValidMonthNumber">
            <full-stacktrace>
              <![CDATA[com.exceptions.NotAValidMonthNumber
	at com.examples.MonthFinderByMap.findMonth(MonthFinderByMap.java:41)
	at com.tests.TestNegative.testHundredMonth(TestNegative.java:28)
	at sun.reflect.NativeMethodAccessorImpl.invoke0(Native Method)
	at sun.reflect.NativeMethodAccessorImpl.invoke(NativeMethodAccessorImpl.java:62)
	at sun.reflect.DelegatingMethodAccessorImpl.invoke(DelegatingMethodAccessorImpl.java:43)
	at java.lang.reflect.Method.invoke(Method.java:498)
	at org.testng.internal.MethodInvocationHelper.invokeMethod(MethodInvocationHelper.java:85)
	at org.testng.internal.Invoker.invokeMethod(Invoker.java:639)
	at org.testng.internal.Invoker.invokeTestMethod(Invoker.java:816)
	at org.testng.internal.Invoker.invokeTestMethods(Invoker.java:1124)
	at org.testng.internal.TestMethodWorker.invokeTestMethods(TestMethodWorker.java:125)
	at org.testng.internal.TestMethodWorker.run(TestMethodWorker.java:108)
	at org.testng.TestRunner.privateRun(TestRunner.java:774)
	at org.testng.TestRunner.run(TestRunner.java:624)
	at org.testng.SuiteRunner.runTest(SuiteRunner.java:359)
	at org.testng.SuiteRunner.runSequentially(SuiteRunner.java:354)
	at org.testng.SuiteRunner.privateRun(SuiteRunner.java:312)
	at org.testng.SuiteRunner.run(SuiteRunner.java:261)
	at org.testng.SuiteRunnerWorker.runSuite(SuiteRunnerWorker.java:52)
	at org.testng.SuiteRunnerWorker.run(SuiteRunnerWorker.java:86)
	at org.testng.TestNG.runSuitesSequentially(TestNG.java:1191)
	at org.testng.TestNG.runSuitesLocally(TestNG.java:1116)
	at org.testng.TestNG.run(TestNG.java:1024)
	at org.apache.maven.surefire.testng.TestNGExecutor.run(TestNGExecutor.java:284)
	at org.apache.maven.surefire.testng.TestNGXmlTestSuite.execute(TestNGXmlTestSuite.java:75)
	at org.apache.maven.surefire.testng.TestNGProvider.invoke(TestNGProvider.java:119)
	at org.apache.maven.surefire.booter.ForkedBooter.runSuitesInProcess(ForkedBooter.java:428)
	at org.apache.maven.surefire.booter.ForkedBooter.execute(ForkedBooter.java:162)
	at org.apache.maven.surefire.booter.ForkedBooter.run(ForkedBooter.java:562)
	at org.apache.maven.surefire.booter.ForkedBooter.main(ForkedBooter.java:548)
]]>
            </full-stacktrace>
          </exception> <!-- com.exceptions.NotAValidMonthNumber -->
          <reporter-output>
          </reporter-output>
        </test-method> <!-- testHundredMonth -->
        <test-method status="PASS" signature="testNegativeMonth()[pri:0, instance:com.tests.TestNegative@6be46e8f]" name="testNegativeMonth" duration-ms="1" started-at="2020-08-23T21:51:46Z" finished-at="2020-08-23T21:51:46Z">
          <exception class="com.exceptions.NotAValidMonthNumber">
            <full-stacktrace>
              <![CDATA[com.exceptions.NotAValidMonthNumber
	at com.examples.MonthFinderByMap.findMonth(MonthFinderByMap.java:41)
	at com.tests.TestNegative.testNegativeMonth(TestNegative.java:23)
	at sun.reflect.NativeMethodAccessorImpl.invoke0(Native Method)
	at sun.reflect.NativeMethodAccessorImpl.invoke(NativeMethodAccessorImpl.java:62)
	at sun.reflect.DelegatingMethodAccessorImpl.invoke(DelegatingMethodAccessorImpl.java:43)
	at java.lang.reflect.Method.invoke(Method.java:498)
	at org.testng.internal.MethodInvocationHelper.invokeMethod(MethodInvocationHelper.java:85)
	at org.testng.internal.Invoker.invokeMethod(Invoker.java:639)
	at org.testng.internal.Invoker.invokeTestMethod(Invoker.java:816)
	at org.testng.internal.Invoker.invokeTestMethods(Invoker.java:1124)
	at org.testng.internal.TestMethodWorker.invokeTestMethods(TestMethodWorker.java:125)
	at org.testng.internal.TestMethodWorker.run(TestMethodWorker.java:108)
	at org.testng.TestRunner.privateRun(TestRunner.java:774)
	at org.testng.TestRunner.run(TestRunner.java:624)
	at org.testng.SuiteRunner.runTest(SuiteRunner.java:359)
	at org.testng.SuiteRunner.runSequentially(SuiteRunner.java:354)
	at org.testng.SuiteRunner.privateRun(SuiteRunner.java:312)
	at org.testng.SuiteRunner.run(SuiteRunner.java:261)
	at org.testng.SuiteRunnerWorker.runSuite(SuiteRunnerWorker.java:52)
	at org.testng.SuiteRunnerWorker.run(SuiteRunnerWorker.java:86)
	at org.testng.TestNG.runSuitesSequentially(TestNG.java:1191)
	at org.testng.TestNG.runSuitesLocally(TestNG.java:1116)
	at org.testng.TestNG.run(TestNG.java:1024)
	at org.apache.maven.surefire.testng.TestNGExecutor.run(TestNGExecutor.java:284)
	at org.apache.maven.surefire.testng.TestNGXmlTestSuite.execute(TestNGXmlTestSuite.java:75)
	at org.apache.maven.surefire.testng.TestNGProvider.invoke(TestNGProvider.java:119)
	at org.apache.maven.surefire.booter.ForkedBooter.runSuitesInProcess(ForkedBooter.java:428)
	at org.apache.maven.surefire.booter.ForkedBooter.execute(ForkedBooter.java:162)
	at org.apache.maven.surefire.booter.ForkedBooter.run(ForkedBooter.java:562)
	at org.apache.maven.surefire.booter.ForkedBooter.main(ForkedBooter.java:548)
]]>
            </full-stacktrace>
          </exception> <!-- com.exceptions.NotAValidMonthNumber -->
          <reporter-output>
          </reporter-output>
        </test-method> <!-- testNegativeMonth -->
        <test-method status="PASS" signature="testStringMonth()[pri:0, instance:com.tests.TestNegative@6be46e8f]" name="testStringMonth" duration-ms="1" started-at="2020-08-23T21:51:46Z" finished-at="2020-08-23T21:51:46Z">
          <exception class="com.exceptions.NotEvenANumber">
            <full-stacktrace>
              <![CDATA[com.exceptions.NotEvenANumber
	at com.examples.MonthFinderByMap.findMonth(MonthFinderByMap.java:37)
	at com.tests.TestNegative.testStringMonth(TestNegative.java:44)
	at sun.reflect.NativeMethodAccessorImpl.invoke0(Native Method)
	at sun.reflect.NativeMethodAccessorImpl.invoke(NativeMethodAccessorImpl.java:62)
	at sun.reflect.DelegatingMethodAccessorImpl.invoke(DelegatingMethodAccessorImpl.java:43)
	at java.lang.reflect.Method.invoke(Method.java:498)
	at org.testng.internal.MethodInvocationHelper.invokeMethod(MethodInvocationHelper.java:85)
	at org.testng.internal.Invoker.invokeMethod(Invoker.java:639)
	at org.testng.internal.Invoker.invokeTestMethod(Invoker.java:816)
	at org.testng.internal.Invoker.invokeTestMethods(Invoker.java:1124)
	at org.testng.internal.TestMethodWorker.invokeTestMethods(TestMethodWorker.java:125)
	at org.testng.internal.TestMethodWorker.run(TestMethodWorker.java:108)
	at org.testng.TestRunner.privateRun(TestRunner.java:774)
	at org.testng.TestRunner.run(TestRunner.java:624)
	at org.testng.SuiteRunner.runTest(SuiteRunner.java:359)
	at org.testng.SuiteRunner.runSequentially(SuiteRunner.java:354)
	at org.testng.SuiteRunner.privateRun(SuiteRunner.java:312)
	at org.testng.SuiteRunner.run(SuiteRunner.java:261)
	at org.testng.SuiteRunnerWorker.runSuite(SuiteRunnerWorker.java:52)
	at org.testng.SuiteRunnerWorker.run(SuiteRunnerWorker.java:86)
	at org.testng.TestNG.runSuitesSequentially(TestNG.java:1191)
	at org.testng.TestNG.runSuitesLocally(TestNG.java:1116)
	at org.testng.TestNG.run(TestNG.java:1024)
	at org.apache.maven.surefire.testng.TestNGExecutor.run(TestNGExecutor.java:284)
	at org.apache.maven.surefire.testng.TestNGXmlTestSuite.execute(TestNGXmlTestSuite.java:75)
	at org.apache.maven.surefire.testng.TestNGProvider.invoke(TestNGProvider.java:119)
	at org.apache.maven.surefire.booter.ForkedBooter.runSuitesInProcess(ForkedBooter.java:428)
	at org.apache.maven.surefire.booter.ForkedBooter.execute(ForkedBooter.java:162)
	at org.apache.maven.surefire.booter.ForkedBooter.run(ForkedBooter.java:562)
	at org.apache.maven.surefire.booter.ForkedBooter.main(ForkedBooter.java:548)
]]>
            </full-stacktrace>
          </exception> <!-- com.exceptions.NotEvenANumber -->
          <reporter-output>
          </reporter-output>
        </test-method> <!-- testStringMonth -->
      </class> <!-- com.tests.TestNegative -->
    </test> <!-- Negative Unit Tests -->
  </suite> <!-- Negative Test Cases -->
  <suite name="Postive Test Cases" duration-ms="50" started-at="2020-08-24T01:51:46Z" finished-at="2020-08-24T01:51:46Z">
    <groups>
    </groups>
    <test name="postive Unit Tests" duration-ms="50" started-at="2020-08-24T01:51:46Z" finished-at="2020-08-24T01:51:46Z">
      <class name="com.tests.TestPositive">
        <test-method status="PASS" signature="setUp()[pri:0, instance:com.tests.TestPositive@38082d64]" name="setUp" is-config="true" duration-ms="14" started-at="2020-08-23T21:51:46Z" finished-at="2020-08-23T21:51:46Z">
          <reporter-output>
          </reporter-output>
        </test-method> <!-- setUp -->
        <test-method status="PASS" signature="testApril()[pri:0, instance:com.tests.TestPositive@38082d64]" name="testApril" duration-ms="5" started-at="2020-08-23T21:51:46Z" finished-at="2020-08-23T21:51:46Z">
          <reporter-output>
          </reporter-output>
        </test-method> <!-- testApril -->
        <test-method status="PASS" signature="testAugust()[pri:0, instance:com.tests.TestPositive@38082d64]" name="testAugust" duration-ms="1" started-at="2020-08-23T21:51:46Z" finished-at="2020-08-23T21:51:46Z">
          <reporter-output>
          </reporter-output>
        </test-method> <!-- testAugust -->
        <test-method status="PASS" signature="testDecember()[pri:0, instance:com.tests.TestPositive@38082d64]" name="testDecember" duration-ms="1" started-at="2020-08-23T21:51:46Z" finished-at="2020-08-23T21:51:46Z">
          <reporter-output>
          </reporter-output>
        </test-method> <!-- testDecember -->
        <test-method status="PASS" signature="testJanuary()[pri:0, instance:com.tests.TestPositive@38082d64]" name="testJanuary" duration-ms="1" started-at="2020-08-23T21:51:46Z" finished-at="2020-08-23T21:51:46Z">
          <reporter-output>
          </reporter-output>
        </test-method> <!-- testJanuary -->
        <test-method status="PASS" signature="testFebruary()[pri:0, instance:com.tests.TestPositive@38082d64]" name="testFebruary" duration-ms="0" started-at="2020-08-23T21:51:46Z" finished-at="2020-08-23T21:51:46Z">
          <reporter-output>
          </reporter-output>
        </test-method> <!-- testFebruary -->
        <test-method status="PASS" signature="testJuly()[pri:0, instance:com.tests.TestPositive@38082d64]" name="testJuly" duration-ms="1" started-at="2020-08-23T21:51:46Z" finished-at="2020-08-23T21:51:46Z">
          <reporter-output>
          </reporter-output>
        </test-method> <!-- testJuly -->
        <test-method status="PASS" signature="testJune()[pri:0, instance:com.tests.TestPositive@38082d64]" name="testJune" duration-ms="1" started-at="2020-08-23T21:51:46Z" finished-at="2020-08-23T21:51:46Z">
          <reporter-output>
          </reporter-output>
        </test-method> <!-- testJune -->
        <test-method status="PASS" signature="testMarch()[pri:0, instance:com.tests.TestPositive@38082d64]" name="testMarch" duration-ms="0" started-at="2020-08-23T21:51:46Z" finished-at="2020-08-23T21:51:46Z">
          <reporter-output>
          </reporter-output>
        </test-method> <!-- testMarch -->
        <test-method status="PASS" signature="testMay()[pri:0, instance:com.tests.TestPositive@38082d64]" name="testMay" duration-ms="2" started-at="2020-08-23T21:51:46Z" finished-at="2020-08-23T21:51:46Z">
          <reporter-output>
          </reporter-output>
        </test-method> <!-- testMay -->
        <test-method status="PASS" signature="testNovember()[pri:0, instance:com.tests.TestPositive@38082d64]" name="testNovember" duration-ms="1" started-at="2020-08-23T21:51:46Z" finished-at="2020-08-23T21:51:46Z">
          <reporter-output>
          </reporter-output>
        </test-method> <!-- testNovember -->
        <test-method status="PASS" signature="testOctober()[pri:0, instance:com.tests.TestPositive@38082d64]" name="testOctober" duration-ms="0" started-at="2020-08-23T21:51:46Z" finished-at="2020-08-23T21:51:46Z">
          <reporter-output>
          </reporter-output>
        </test-method> <!-- testOctober -->
        <test-method status="PASS" signature="testSeptember()[pri:0, instance:com.tests.TestPositive@38082d64]" name="testSeptember" duration-ms="0" started-at="2020-08-23T21:51:46Z" finished-at="2020-08-23T21:51:46Z">
          <reporter-output>
          </reporter-output>
        </test-method> <!-- testSeptember -->
      </class> <!-- com.tests.TestPositive -->
    </test> <!-- postive Unit Tests -->
  </suite> <!-- Postive Test Cases -->
</testng-results>
