<?xml version="1.0" encoding="UTF-8"?>
<testsuite xmlns:xsi="http://www.w3.org/2001/XMLSchema-instance" xsi:noNamespaceSchemaLocation="https://maven.apache.org/surefire/maven-surefire-plugin/xsd/surefire-test-report-3.0.xsd" version="3.0" name="TestSuite" time="0.998" tests="17" errors="0" skipped="0" failures="0">
  <properties>
[...]
</properties>
  <testcase name="testApril" classname="com.tests.TestPositive" time="0.005"/>
  <testcase name="testAugust" classname="com.tests.TestPositive" time="0"/>
  <testcase name="testDecember" classname="com.tests.TestPositive" time="0"/>
  <testcase name="testFebruary" classname="com.tests.TestPositive" time="0"/>
  <testcase name="testJanuary" classname="com.tests.TestPositive" time="0"/>
  <testcase name="testJuly" classname="com.tests.TestPositive" time="0.001"/>
  <testcase name="testJune" classname="com.tests.TestPositive" time="0"/>
  <testcase name="testMarch" classname="com.tests.TestPositive" time="0"/>
  <testcase name="testMay" classname="com.tests.TestPositive" time="0.001"/>
  <testcase name="testNovember" classname="com.tests.TestPositive" time="0.001"/>
  <testcase name="testOctober" classname="com.tests.TestPositive" time="0.001"/>
  <testcase name="testSeptember" classname="com.tests.TestPositive" time="0"/>
  <testcase name="testAnotherNegativeMonth" classname="com.tests.TestNegative" time="0.001"/>
  <testcase name="testEighteenMonth" classname="com.tests.TestNegative" time="0.005"/>
  <testcase name="testHundredMonth" classname="com.tests.TestNegative" time="0"/>
  <testcase name="testNegativeMonth" classname="com.tests.TestNegative" time="0.002"/>
  <testcase name="testStringMonth" classname="com.tests.TestNegative" time="0"/>
</testsuite>