<?xml version="1.0" encoding="UTF-8"?>
<testng-results skipped="0" failed="0" total="8" passed="8">
  <reporter-output>
  </reporter-output>
  <suite name="Negative Test Cases" duration-ms="0" started-at="2020-08-24T22:37:57Z" finished-at="2020-08-24T22:37:57Z">
    <groups>
    </groups>
    <test name="Negative Unit Tests" duration-ms="0" started-at="2020-08-24T22:37:57Z" finished-at="2020-08-24T22:37:57Z">
      <class name="com.tests.TestNegative">
        <test-method status="PASS" signature="testWrongIndex()[pri:0, instance:com.tests.TestNegative@68837a77]" name="testWrongIndex" duration-ms="0" started-at="2020-08-24T18:37:57Z" finished-at="2020-08-24T18:37:57Z">
          <exception class="com.exceptions.NotFound">
            <full-stacktrace>
              <![CDATA[com.exceptions.NotFound
	at com.examples.NumberSearch.findNumber(NumberSearch.java:21)
	at com.tests.TestNegative.testWrongIndex(TestNegative.java:21)
	at sun.reflect.NativeMethodAccessorImpl.invoke0(Native Method)
	at sun.reflect.NativeMethodAccessorImpl.invoke(NativeMethodAccessorImpl.java:62)
	at sun.reflect.DelegatingMethodAccessorImpl.invoke(DelegatingMethodAccessorImpl.java:43)
	at java.lang.reflect.Method.invoke(Method.java:498)
	at org.testng.internal.MethodInvocationHelper.invokeMethod(MethodInvocationHelper.java:85)
	at org.testng.internal.Invoker.invokeMethod(Invoker.java:639)
	at org.testng.internal.Invoker.invokeTestMethod(Invoker.java:816)
	at org.testng.internal.Invoker.invokeTestMethods(Invoker.java:1124)
	at org.testng.internal.TestMethodWorker.invokeTestMethods(TestMethodWorker.java:125)
	at org.testng.internal.TestMethodWorker.run(TestMethodWorker.java:108)
	at org.testng.TestRunner.privateRun(TestRunner.java:774)
	at org.testng.TestRunner.run(TestRunner.java:624)
	at org.testng.SuiteRunner.runTest(SuiteRunner.java:359)
	at org.testng.SuiteRunner.runSequentially(SuiteRunner.java:354)
	at org.testng.SuiteRunner.privateRun(SuiteRunner.java:312)
	at org.testng.SuiteRunner.run(SuiteRunner.java:261)
	at org.testng.SuiteRunnerWorker.runSuite(SuiteRunnerWorker.java:52)
	at org.testng.SuiteRunnerWorker.run(SuiteRunnerWorker.java:86)
	at org.testng.TestNG.runSuitesSequentially(TestNG.java:1191)
	at org.testng.TestNG.runSuitesLocally(TestNG.java:1116)
	at org.testng.TestNG.run(TestNG.java:1024)
	at org.apache.maven.surefire.testng.TestNGExecutor.run(TestNGExecutor.java:284)
	at org.apache.maven.surefire.testng.TestNGXmlTestSuite.execute(TestNGXmlTestSuite.java:75)
	at org.apache.maven.surefire.testng.TestNGProvider.invoke(TestNGProvider.java:119)
	at org.apache.maven.surefire.booter.ForkedBooter.runSuitesInProcess(ForkedBooter.java:428)
	at org.apache.maven.surefire.booter.ForkedBooter.execute(ForkedBooter.java:162)
	at org.apache.maven.surefire.booter.ForkedBooter.run(ForkedBooter.java:562)
	at org.apache.maven.surefire.booter.ForkedBooter.main(ForkedBooter.java:548)
]]>
            </full-stacktrace>
          </exception> <!-- com.exceptions.NotFound -->
          <reporter-output>
          </reporter-output>
        </test-method> <!-- testWrongIndex -->
        <test-method status="PASS" signature="testAnotherWrongIndex()[pri:0, instance:com.tests.TestNegative@68837a77]" name="testAnotherWrongIndex" duration-ms="0" started-at="2020-08-24T18:37:57Z" finished-at="2020-08-24T18:37:57Z">
          <exception class="com.exceptions.NotFound">
            <full-stacktrace>
              <![CDATA[com.exceptions.NotFound
	at com.examples.NumberSearch.findNumber(NumberSearch.java:21)
	at com.tests.TestNegative.testAnotherWrongIndex(TestNegative.java:25)
	at sun.reflect.NativeMethodAccessorImpl.invoke0(Native Method)
	at sun.reflect.NativeMethodAccessorImpl.invoke(NativeMethodAccessorImpl.java:62)
	at sun.reflect.DelegatingMethodAccessorImpl.invoke(DelegatingMethodAccessorImpl.java:43)
	at java.lang.reflect.Method.invoke(Method.java:498)
	at org.testng.internal.MethodInvocationHelper.invokeMethod(MethodInvocationHelper.java:85)
	at org.testng.internal.Invoker.invokeMethod(Invoker.java:639)
	at org.testng.internal.Invoker.invokeTestMethod(Invoker.java:816)
	at org.testng.internal.Invoker.invokeTestMethods(Invoker.java:1124)
	at org.testng.internal.TestMethodWorker.invokeTestMethods(TestMethodWorker.java:125)
	at org.testng.internal.TestMethodWorker.run(TestMethodWorker.java:108)
	at org.testng.TestRunner.privateRun(TestRunner.java:774)
	at org.testng.TestRunner.run(TestRunner.java:624)
	at org.testng.SuiteRunner.runTest(SuiteRunner.java:359)
	at org.testng.SuiteRunner.runSequentially(SuiteRunner.java:354)
	at org.testng.SuiteRunner.privateRun(SuiteRunner.java:312)
	at org.testng.SuiteRunner.run(SuiteRunner.java:261)
	at org.testng.SuiteRunnerWorker.runSuite(SuiteRunnerWorker.java:52)
	at org.testng.SuiteRunnerWorker.run(SuiteRunnerWorker.java:86)
	at org.testng.TestNG.runSuitesSequentially(TestNG.java:1191)
	at org.testng.TestNG.runSuitesLocally(TestNG.java:1116)
	at org.testng.TestNG.run(TestNG.java:1024)
	at org.apache.maven.surefire.testng.TestNGExecutor.run(TestNGExecutor.java:284)
	at org.apache.maven.surefire.testng.TestNGXmlTestSuite.execute(TestNGXmlTestSuite.java:75)
	at org.apache.maven.surefire.testng.TestNGProvider.invoke(TestNGProvider.java:119)
	at org.apache.maven.surefire.booter.ForkedBooter.runSuitesInProcess(ForkedBooter.java:428)
	at org.apache.maven.surefire.booter.ForkedBooter.execute(ForkedBooter.java:162)
	at org.apache.maven.surefire.booter.ForkedBooter.run(ForkedBooter.java:562)
	at org.apache.maven.surefire.booter.ForkedBooter.main(ForkedBooter.java:548)
]]>
            </full-stacktrace>
          </exception> <!-- com.exceptions.NotFound -->
          <reporter-output>
          </reporter-output>
        </test-method> <!-- testAnotherWrongIndex -->
        <test-method status="PASS" signature="setUp()[pri:0, instance:com.tests.TestNegative@68837a77]" name="setUp" is-config="true" duration-ms="0" started-at="2020-08-24T18:37:57Z" finished-at="2020-08-24T18:37:57Z">
          <reporter-output>
          </reporter-output>
        </test-method> <!-- setUp -->
      </class> <!-- com.tests.TestNegative -->
    </test> <!-- Negative Unit Tests -->
  </suite> <!-- Negative Test Cases -->
  <suite name="Postive Test Cases" duration-ms="31" started-at="2020-08-24T22:37:57Z" finished-at="2020-08-24T22:37:57Z">
    <groups>
    </groups>
    <test name="Positive Unit Tests" duration-ms="31" started-at="2020-08-24T22:37:57Z" finished-at="2020-08-24T22:37:57Z">
      <class name="com.tests.TestPositive">
        <test-method status="PASS" signature="setUp()[pri:0, instance:com.tests.TestPositive@73f792cf]" name="setUp" is-config="true" duration-ms="15" started-at="2020-08-24T18:37:57Z" finished-at="2020-08-24T18:37:57Z">
          <reporter-output>
          </reporter-output>
        </test-method> <!-- setUp -->
        <test-method status="PASS" signature="searchNumberStart()[pri:0, instance:com.tests.TestPositive@73f792cf]" name="searchNumberStart" duration-ms="0" started-at="2020-08-24T18:37:57Z" finished-at="2020-08-24T18:37:57Z">
          <reporter-output>
          </reporter-output>
        </test-method> <!-- searchNumberStart -->
        <test-method status="PASS" signature="searchMinimumNumber()[pri:0, instance:com.tests.TestPositive@73f792cf]" name="searchMinimumNumber" duration-ms="0" started-at="2020-08-24T18:37:57Z" finished-at="2020-08-24T18:37:57Z">
          <reporter-output>
          </reporter-output>
        </test-method> <!-- searchMinimumNumber -->
        <test-method status="PASS" signature="searchNumberInBetween()[pri:0, instance:com.tests.TestPositive@73f792cf]" name="searchNumberInBetween" duration-ms="0" started-at="2020-08-24T18:37:57Z" finished-at="2020-08-24T18:37:57Z">
          <reporter-output>
          </reporter-output>
        </test-method> <!-- searchNumberInBetween -->
        <test-method status="PASS" signature="SearchMaximumNumber()[pri:0, instance:com.tests.TestPositive@73f792cf]" name="SearchMaximumNumber" duration-ms="0" started-at="2020-08-24T18:37:57Z" finished-at="2020-08-24T18:37:57Z">
          <reporter-output>
          </reporter-output>
        </test-method> <!-- SearchMaximumNumber -->
        <test-method status="PASS" signature="searchNumberEnd()[pri:0, instance:com.tests.TestPositive@73f792cf]" name="searchNumberEnd" duration-ms="0" started-at="2020-08-24T18:37:57Z" finished-at="2020-08-24T18:37:57Z">
          <reporter-output>
          </reporter-output>
        </test-method> <!-- searchNumberEnd -->
        <test-method status="PASS" signature="searchNumberMiddle()[pri:0, instance:com.tests.TestPositive@73f792cf]" name="searchNumberMiddle" duration-ms="0" started-at="2020-08-24T18:37:57Z" finished-at="2020-08-24T18:37:57Z">
          <reporter-output>
          </reporter-output>
        </test-method> <!-- searchNumberMiddle -->
      </class> <!-- com.tests.TestPositive -->
    </test> <!-- Positive Unit Tests -->
  </suite> <!-- Postive Test Cases -->
</testng-results>
