<?xml version="1.0" encoding="UTF-8"?>
<testsuite xmlns:xsi="http://www.w3.org/2001/XMLSchema-instance" xsi:noNamespaceSchemaLocation="https://maven.apache.org/surefire/maven-surefire-plugin/xsd/surefire-test-report-3.0.xsd" version="3.0" name="TestSuite" time="0.652" tests="8" errors="0" skipped="0" failures="0">
  <properties>
[...]
</properties>
  <testcase name="SearchMaximumNumber" classname="com.tests.TestPositive" time="0"/>
  <testcase name="searchMinimumNumber" classname="com.tests.TestPositive" time="0"/>
  <testcase name="searchNumberEnd" classname="com.tests.TestPositive" time="0"/>
  <testcase name="searchNumberInBetween" classname="com.tests.TestPositive" time="0"/>
  <testcase name="searchNumberMiddle" classname="com.tests.TestPositive" time="0"/>
  <testcase name="searchNumberStart" classname="com.tests.TestPositive" time="0"/>
  <testcase name="testAnotherWrongIndex" classname="com.tests.TestNegative" time="0"/>
  <testcase name="testWrongIndex" classname="com.tests.TestNegative" time="0"/>
</testsuite>